<?xml version="1.0" encoding="UTF-8"?>
<!-- Generated by org.testng.reporters.JUnitReportReporter -->
<testsuite skipped="0" hostname="QJ07302229" name="Automation.ValidateLoginFunctionalityTest" tests="1" failures="0" timestamp="06 May 2020 01:10:08 GMT" time="5.416" errors="0">
  <testcase name="loginTest" time="5.416" classname="Automation.ValidateLoginFunctionalityTest"/>
</testsuite> <!-- Automation.ValidateLoginFunctionalityTest -->
